[ 2017-12-03T20:41:44+08:00 ] 127.0.0.1 /tp-p69/Public/index.php/School/Index/showIndex.html
INFO: [ app_init ] --START--
INFO: Run Behavior\BuildLiteBehavior [ RunTime:0.000000s ]
INFO: [ app_init ] --END-- [ RunTime:0.007813s ]
INFO: [ app_begin ] --START--
INFO: Run Behavior\ReadHtmlCacheBehavior [ RunTime:0.001953s ]
INFO: [ app_begin ] --END-- [ RunTime:0.001953s ]

[ 2017-12-03T20:41:46+08:00 ] 127.0.0.1 /tp-p69/Public/index.php/School/Login/showLogin.html
INFO: [ app_init ] --START--
INFO: Run Behavior\BuildLiteBehavior [ RunTime:0.000000s ]
INFO: [ app_init ] --END-- [ RunTime:0.000977s ]
INFO: [ app_begin ] --START--
INFO: Run Behavior\ReadHtmlCacheBehavior [ RunTime:0.000977s ]
INFO: [ app_begin ] --END-- [ RunTime:0.000977s ]
INFO: [ view_parse ] --START--
INFO: [ template_filter ] --START--
INFO: Run Behavior\ContentReplaceBehavior [ RunTime:0.000000s ]
INFO: [ template_filter ] --END-- [ RunTime:0.000000s ]
INFO: Run Behavior\ParseTemplateBehavior [ RunTime:0.025390s ]
INFO: [ view_parse ] --END-- [ RunTime:0.025390s ]
INFO: [ view_filter ] --START--
INFO: Run Behavior\WriteHtmlCacheBehavior [ RunTime:0.000977s ]
INFO: [ view_filter ] --END-- [ RunTime:0.000977s ]
INFO: [ app_end ] --START--
INFO: Run Behavior\ShowPageTraceBehavior [ RunTime:0.001953s ]
INFO: [ app_end ] --END-- [ RunTime:0.001953s ]

[ 2017-12-03T20:42:54+08:00 ] 127.0.0.1 /tp-p69/Public/index.php/School/Login/checkUser.html
INFO: [ app_init ] --START--
INFO: Run Behavior\BuildLiteBehavior [ RunTime:0.000000s ]
INFO: [ app_init ] --END-- [ RunTime:0.000000s ]
INFO: [ app_begin ] --START--
INFO: Run Behavior\ReadHtmlCacheBehavior [ RunTime:0.001954s ]
INFO: [ app_begin ] --END-- [ RunTime:0.001954s ]
SQL: SHOW COLUMNS FROM `seed_user` [ RunTime:0.0479s ]
SQL: SELECT * FROM `seed_user` WHERE ( account='myTang' || phone='myTang' AND password='237050e18df44f81894652fd317524e0'  )  [ RunTime:0.0010s ]

[ 2017-12-03T20:42:55+08:00 ] 127.0.0.1 /tp-p69/Public/index.php/School/Index/showIndex.html
INFO: [ app_init ] --START--
INFO: Run Behavior\BuildLiteBehavior [ RunTime:0.000000s ]
INFO: [ app_init ] --END-- [ RunTime:0.000000s ]
INFO: [ app_begin ] --START--
INFO: Run Behavior\ReadHtmlCacheBehavior [ RunTime:0.000976s ]
INFO: [ app_begin ] --END-- [ RunTime:0.000976s ]
SQL: SHOW COLUMNS FROM `seed_menu` [ RunTime:0.0254s ]
SQL: SELECT * FROM `seed_menu` WHERE ( module='School' )  [ RunTime:0.0010s ]
SQL: SHOW COLUMNS FROM `seed_user` [ RunTime:0.0176s ]
SQL: SHOW COLUMNS FROM `seed_menu` [ RunTime:0.0186s ]
SQL: SELECT * FROM `seed_menu` WHERE ( id=7 )  [ RunTime:0.0000s ]
INFO: [ view_parse ] --START--
INFO: [ template_filter ] --START--
INFO: Run Behavior\ContentReplaceBehavior [ RunTime:0.000000s ]
INFO: [ template_filter ] --END-- [ RunTime:0.000000s ]
INFO: Run Behavior\ParseTemplateBehavior [ RunTime:0.035156s ]
INFO: [ view_parse ] --END-- [ RunTime:0.035156s ]
INFO: [ view_filter ] --START--
INFO: Run Behavior\WriteHtmlCacheBehavior [ RunTime:0.000976s ]
INFO: [ view_filter ] --END-- [ RunTime:0.000976s ]
INFO: [ view_parse ] --START--
INFO: [ template_filter ] --START--
INFO: Run Behavior\ContentReplaceBehavior [ RunTime:0.000000s ]
INFO: [ template_filter ] --END-- [ RunTime:-0.030273s ]
INFO: Run Behavior\ParseTemplateBehavior [ RunTime:0.016601s ]
INFO: [ view_parse ] --END-- [ RunTime:-0.006836s ]
INFO: [ view_filter ] --START--
INFO: Run Behavior\WriteHtmlCacheBehavior [ RunTime:0.000000s ]
INFO: [ view_filter ] --END-- [ RunTime:-0.022461s ]
NOTIC: [2] Cannot modify header information - headers already sent by (output started at D:\WWW\tp-p69\ThinkPHP\Library\Think\View.class.php:95) D:\WWW\tp-p69\ThinkPHP\Library\Think\View.class.php 第 91 行.
NOTIC: [2] Cannot modify header information - headers already sent by (output started at D:\WWW\tp-p69\ThinkPHP\Library\Think\View.class.php:95) D:\WWW\tp-p69\ThinkPHP\Library\Think\View.class.php 第 92 行.
NOTIC: [2] Cannot modify header information - headers already sent by (output started at D:\WWW\tp-p69\ThinkPHP\Library\Think\View.class.php:95) D:\WWW\tp-p69\ThinkPHP\Library\Think\View.class.php 第 93 行.
INFO: [ view_parse ] --START--
INFO: [ template_filter ] --START--
INFO: Run Behavior\ContentReplaceBehavior [ RunTime:0.000000s ]
INFO: [ template_filter ] --END-- [ RunTime:-0.050781s ]
INFO: Run Behavior\ParseTemplateBehavior [ RunTime:0.018555s ]
INFO: [ view_parse ] --END-- [ RunTime:-0.025390s ]
INFO: [ view_filter ] --START--
INFO: Run Behavior\WriteHtmlCacheBehavior [ RunTime:0.000000s ]
INFO: [ view_filter ] --END-- [ RunTime:-0.042969s ]
NOTIC: [2] Cannot modify header information - headers already sent by (output started at D:\WWW\tp-p69\ThinkPHP\Library\Think\View.class.php:95) D:\WWW\tp-p69\ThinkPHP\Library\Think\View.class.php 第 91 行.
NOTIC: [2] Cannot modify header information - headers already sent by (output started at D:\WWW\tp-p69\ThinkPHP\Library\Think\View.class.php:95) D:\WWW\tp-p69\ThinkPHP\Library\Think\View.class.php 第 92 行.
NOTIC: [2] Cannot modify header information - headers already sent by (output started at D:\WWW\tp-p69\ThinkPHP\Library\Think\View.class.php:95) D:\WWW\tp-p69\ThinkPHP\Library\Think\View.class.php 第 93 行.
INFO: [ app_end ] --START--
INFO: Run Behavior\ShowPageTraceBehavior [ RunTime:0.000977s ]
INFO: [ app_end ] --END-- [ RunTime:0.000977s ]

[ 2017-12-03T20:42:55+08:00 ] 127.0.0.1 /tp-p69/Public/index.php/School/Login/welcome.html
INFO: [ app_init ] --START--
INFO: Run Behavior\BuildLiteBehavior [ RunTime:0.000000s ]
INFO: [ app_init ] --END-- [ RunTime:0.000976s ]
INFO: [ app_begin ] --START--
INFO: Run Behavior\ReadHtmlCacheBehavior [ RunTime:0.000976s ]
INFO: [ app_begin ] --END-- [ RunTime:0.000976s ]
INFO: [ view_parse ] --START--
INFO: [ template_filter ] --START--
INFO: Run Behavior\ContentReplaceBehavior [ RunTime:0.000000s ]
INFO: [ template_filter ] --END-- [ RunTime:0.000000s ]
INFO: Run Behavior\ParseTemplateBehavior [ RunTime:0.026367s ]
INFO: [ view_parse ] --END-- [ RunTime:0.026367s ]
INFO: [ view_filter ] --START--
INFO: Run Behavior\WriteHtmlCacheBehavior [ RunTime:0.000977s ]
INFO: [ view_filter ] --END-- [ RunTime:0.000977s ]
INFO: [ app_end ] --START--
INFO: Run Behavior\ShowPageTraceBehavior [ RunTime:0.001953s ]
INFO: [ app_end ] --END-- [ RunTime:0.001953s ]

[ 2017-12-03T20:42:58+08:00 ] 127.0.0.1 /tp-p69/Public/index.php/School/Survey/articleList.html
INFO: [ app_init ] --START--
INFO: Run Behavior\BuildLiteBehavior [ RunTime:0.000000s ]
INFO: [ app_init ] --END-- [ RunTime:0.000977s ]
INFO: [ app_begin ] --START--
INFO: Run Behavior\ReadHtmlCacheBehavior [ RunTime:0.000977s ]
INFO: [ app_begin ] --END-- [ RunTime:0.000977s ]
SQL: SHOW COLUMNS FROM `seed_papers` [ RunTime:0.0332s ]
SQL: SHOW COLUMNS FROM `seed_achievement` [ RunTime:0.0400s ]
SQL: SELECT COUNT(*) AS tp_count FROM `seed_achievement` WHERE ( status = '1' ) LIMIT 1   [ RunTime:0.0010s ]
SQL: SELECT a.*,b.papers_name,c.unit,d.`name`,e.`name` as t_name,f.grade,g.class,h.course FROM seed_achievement a  LEFT JOIN seed_papers b on a.papers_id=b.id  LEFT JOIN seed_stage c on b.stage_id=c.id  LEFT JOIN seed_students d on a.user_id=d.id   LEFT JOIN seed_teacher e on b.teacher_id=e.id  LEFT JOIN seed_grade f on c.grade_id=f.id  LEFT JOIN seed_class g on b.class_id=g.id  LEFT JOIN seed_subject h on c.subject_id=h.id  WHERE ( a.`status`='1' )  [ RunTime:0.1006s ]
INFO: [ view_parse ] --START--
INFO: [ template_filter ] --START--
INFO: Run Behavior\ContentReplaceBehavior [ RunTime:0.000000s ]
INFO: [ template_filter ] --END-- [ RunTime:0.000976s ]
INFO: Run Behavior\ParseTemplateBehavior [ RunTime:0.025390s ]
INFO: [ view_parse ] --END-- [ RunTime:0.025390s ]
INFO: [ view_filter ] --START--
INFO: Run Behavior\WriteHtmlCacheBehavior [ RunTime:0.000977s ]
INFO: [ view_filter ] --END-- [ RunTime:0.000977s ]
INFO: [ view_parse ] --START--
INFO: [ template_filter ] --START--
INFO: Run Behavior\ContentReplaceBehavior [ RunTime:0.000976s ]
INFO: [ template_filter ] --END-- [ RunTime:-0.012696s ]
INFO: Run Behavior\ParseTemplateBehavior [ RunTime:0.004883s ]
INFO: [ view_parse ] --END-- [ RunTime:-0.000977s ]
INFO: [ view_filter ] --START--
INFO: Run Behavior\WriteHtmlCacheBehavior [ RunTime:0.000000s ]
INFO: [ view_filter ] --END-- [ RunTime:-0.004883s ]
INFO: [ view_parse ] --START--
INFO: [ template_filter ] --START--
INFO: Run Behavior\ContentReplaceBehavior [ RunTime:0.000000s ]
INFO: [ template_filter ] --END-- [ RunTime:-0.026367s ]
NOTIC: [8] Use of undefined constant School - assumed 'School' D:\WWW\tp-p69\Application\Runtime\Cache\School\c13d5d7eb7777089be91cbec8f656a8b.php 第 48 行.
NOTIC: [8] Use of undefined constant Add - assumed 'Add' D:\WWW\tp-p69\Application\Runtime\Cache\School\c13d5d7eb7777089be91cbec8f656a8b.php 第 48 行.
NOTIC: [2] Division by zero D:\WWW\tp-p69\Application\Runtime\Cache\School\c13d5d7eb7777089be91cbec8f656a8b.php 第 48 行.
NOTIC: [8] Use of undefined constant articleAdd - assumed 'articleAdd' D:\WWW\tp-p69\Application\Runtime\Cache\School\c13d5d7eb7777089be91cbec8f656a8b.php 第 48 行.
NOTIC: [2] Division by zero D:\WWW\tp-p69\Application\Runtime\Cache\School\c13d5d7eb7777089be91cbec8f656a8b.php 第 48 行.
INFO: Run Behavior\ParseTemplateBehavior [ RunTime:0.012696s ]
INFO: [ view_parse ] --END-- [ RunTime:-0.006836s ]
INFO: [ view_filter ] --START--
INFO: Run Behavior\WriteHtmlCacheBehavior [ RunTime:0.000000s ]
INFO: [ view_filter ] --END-- [ RunTime:-0.018555s ]
INFO: [ app_end ] --START--
INFO: Run Behavior\ShowPageTraceBehavior [ RunTime:0.000977s ]
INFO: [ app_end ] --END-- [ RunTime:0.001953s ]

[ 2017-12-03T20:43:02+08:00 ] 127.0.0.1 /tp-p69/Public/index.php/School/Survey/articlePaper.html
INFO: [ app_init ] --START--
INFO: Run Behavior\BuildLiteBehavior [ RunTime:0.000000s ]
INFO: [ app_init ] --END-- [ RunTime:0.000000s ]
INFO: [ app_begin ] --START--
INFO: Run Behavior\ReadHtmlCacheBehavior [ RunTime:0.000000s ]
INFO: [ app_begin ] --END-- [ RunTime:0.000000s ]
SQL: SHOW COLUMNS FROM `seed_papers` [ RunTime:0.0186s ]
SQL: SHOW COLUMNS FROM `seed_achievement` [ RunTime:0.0176s ]
SQL: SELECT COUNT(*) AS tp_count FROM `seed_papers` WHERE ( status = '1' ) LIMIT 1   [ RunTime:0.0010s ]
SQL: SELECT a.*,b.unit,b.time,c.`name`,d.class,e.grade,f.course FROM seed_papers a  LEFT JOIN seed_stage b on a.stage_id=b.id LEFT JOIN seed_teacher c on a.teacher_id=c.id  LEFT JOIN seed_class d on a.class_id=d.id LEFT JOIN seed_grade e on b.grade_id=e.id  LEFT JOIN seed_subject f on b.subject_id=f.id  WHERE ( a.`status`='1' )  [ RunTime:0.0010s ]
INFO: [ view_parse ] --START--
INFO: [ template_filter ] --START--
INFO: Run Behavior\ContentReplaceBehavior [ RunTime:0.000000s ]
INFO: [ template_filter ] --END-- [ RunTime:0.000000s ]
INFO: Run Behavior\ParseTemplateBehavior [ RunTime:0.009765s ]
INFO: [ view_parse ] --END-- [ RunTime:0.009765s ]
INFO: [ view_filter ] --START--
INFO: Run Behavior\WriteHtmlCacheBehavior [ RunTime:0.000000s ]
INFO: [ view_filter ] --END-- [ RunTime:0.000000s ]
INFO: [ view_parse ] --START--
INFO: [ template_filter ] --START--
INFO: Run Behavior\ContentReplaceBehavior [ RunTime:0.000000s ]
INFO: [ template_filter ] --END-- [ RunTime:-0.004882s ]
INFO: Run Behavior\ParseTemplateBehavior [ RunTime:0.002930s ]
INFO: [ view_parse ] --END-- [ RunTime:-0.000977s ]
INFO: [ view_filter ] --START--
INFO: Run Behavior\WriteHtmlCacheBehavior [ RunTime:0.000000s ]
INFO: [ view_filter ] --END-- [ RunTime:-0.004883s ]
INFO: [ view_parse ] --START--
INFO: [ template_filter ] --START--
INFO: Run Behavior\ContentReplaceBehavior [ RunTime:0.000000s ]
INFO: [ template_filter ] --END-- [ RunTime:-0.024414s ]
NOTIC: [8] Use of undefined constant School - assumed 'School' D:\WWW\tp-p69\Application\Runtime\Cache\School\5675d46c7d262ba36c4654ac5e0e1829.php 第 50 行.
NOTIC: [8] Use of undefined constant Add - assumed 'Add' D:\WWW\tp-p69\Application\Runtime\Cache\School\5675d46c7d262ba36c4654ac5e0e1829.php 第 50 行.
NOTIC: [2] Division by zero D:\WWW\tp-p69\Application\Runtime\Cache\School\5675d46c7d262ba36c4654ac5e0e1829.php 第 50 行.
NOTIC: [8] Use of undefined constant articleAdd - assumed 'articleAdd' D:\WWW\tp-p69\Application\Runtime\Cache\School\5675d46c7d262ba36c4654ac5e0e1829.php 第 50 行.
NOTIC: [2] Division by zero D:\WWW\tp-p69\Application\Runtime\Cache\School\5675d46c7d262ba36c4654ac5e0e1829.php 第 50 行.
NOTIC: [8] Use of undefined constant School - assumed 'School' D:\WWW\tp-p69\Application\Runtime\Cache\School\5675d46c7d262ba36c4654ac5e0e1829.php 第 50 行.
NOTIC: [8] Use of undefined constant Add - assumed 'Add' D:\WWW\tp-p69\Application\Runtime\Cache\School\5675d46c7d262ba36c4654ac5e0e1829.php 第 50 行.
NOTIC: [2] Division by zero D:\WWW\tp-p69\Application\Runtime\Cache\School\5675d46c7d262ba36c4654ac5e0e1829.php 第 50 行.
NOTIC: [8] Use of undefined constant articleAdd - assumed 'articleAdd' D:\WWW\tp-p69\Application\Runtime\Cache\School\5675d46c7d262ba36c4654ac5e0e1829.php 第 50 行.
NOTIC: [2] Division by zero D:\WWW\tp-p69\Application\Runtime\Cache\School\5675d46c7d262ba36c4654ac5e0e1829.php 第 50 行.
INFO: Run Behavior\ParseTemplateBehavior [ RunTime:0.020508s ]
INFO: [ view_parse ] --END-- [ RunTime:-0.004883s ]
INFO: [ view_filter ] --START--
INFO: Run Behavior\WriteHtmlCacheBehavior [ RunTime:0.000000s ]
INFO: [ view_filter ] --END-- [ RunTime:-0.025391s ]
INFO: [ app_end ] --START--
INFO: Run Behavior\ShowPageTraceBehavior [ RunTime:0.000977s ]
INFO: [ app_end ] --END-- [ RunTime:0.000977s ]

[ 2017-12-03T21:42:22+08:00 ] 127.0.0.1 /tp-p69/Public/index.php/School/Add/articleAdd.html
INFO: [ app_init ] --START--
INFO: Run Behavior\BuildLiteBehavior [ RunTime:0.000000s ]
INFO: [ app_init ] --END-- [ RunTime:0.000977s ]
INFO: [ app_begin ] --START--
INFO: Run Behavior\ReadHtmlCacheBehavior [ RunTime:0.000977s ]
INFO: [ app_begin ] --END-- [ RunTime:0.000977s ]
SQL: SHOW COLUMNS FROM `seed_papers` [ RunTime:0.0166s ]
SQL: SHOW COLUMNS FROM `seed_achievement` [ RunTime:0.0156s ]
SQL: SHOW COLUMNS FROM `seed_subject` [ RunTime:0.0166s ]
SQL: SELECT * FROM `seed_subject` WHERE ( status='1' )  [ RunTime:0.0010s ]
SQL: SHOW COLUMNS FROM `seed_grade` [ RunTime:0.0166s ]
SQL: SELECT * FROM `seed_grade`  [ RunTime:0.0010s ]
SQL: SHOW COLUMNS FROM `seed_class` [ RunTime:0.0166s ]
SQL: SELECT * FROM `seed_class`  [ RunTime:0.0000s ]
SQL: SHOW COLUMNS FROM `seed_teacher` [ RunTime:0.0156s ]
SQL: SELECT `id`,`name` FROM `seed_teacher`  [ RunTime:0.0000s ]
INFO: [ view_parse ] --START--
INFO: [ template_filter ] --START--
INFO: Run Behavior\ContentReplaceBehavior [ RunTime:0.000000s ]
INFO: [ template_filter ] --END-- [ RunTime:0.000000s ]
INFO: Run Behavior\ParseTemplateBehavior [ RunTime:0.011719s ]
INFO: [ view_parse ] --END-- [ RunTime:0.011719s ]
INFO: [ view_filter ] --START--
INFO: Run Behavior\WriteHtmlCacheBehavior [ RunTime:0.000976s ]
INFO: [ view_filter ] --END-- [ RunTime:0.000976s ]
INFO: [ view_parse ] --START--
INFO: [ template_filter ] --START--
INFO: Run Behavior\ContentReplaceBehavior [ RunTime:0.000000s ]
INFO: [ template_filter ] --END-- [ RunTime:-0.009765s ]
INFO: Run Behavior\ParseTemplateBehavior [ RunTime:0.008789s ]
INFO: [ view_parse ] --END-- [ RunTime:-0.000976s ]
INFO: [ view_filter ] --START--
INFO: Run Behavior\WriteHtmlCacheBehavior [ RunTime:0.000000s ]
INFO: [ view_filter ] --END-- [ RunTime:-0.008789s ]
INFO: [ app_end ] --START--
INFO: Run Behavior\ShowPageTraceBehavior [ RunTime:0.000977s ]
INFO: [ app_end ] --END-- [ RunTime:0.000977s ]

[ 2017-12-03T21:54:26+08:00 ] 127.0.0.1 /tp-p69/Public/index.php/School/Add/articleAdd.html
INFO: [ app_init ] --START--
INFO: Run Behavior\BuildLiteBehavior [ RunTime:0.000000s ]
INFO: [ app_init ] --END-- [ RunTime:0.000000s ]
INFO: [ app_begin ] --START--
INFO: Run Behavior\ReadHtmlCacheBehavior [ RunTime:0.000976s ]
INFO: [ app_begin ] --END-- [ RunTime:0.000976s ]
SQL: SHOW COLUMNS FROM `seed_papers` [ RunTime:0.0186s ]
SQL: SHOW COLUMNS FROM `seed_achievement` [ RunTime:0.0176s ]
SQL: SHOW COLUMNS FROM `seed_subject` [ RunTime:0.0176s ]
SQL: SELECT * FROM `seed_subject` WHERE ( status='1' )  [ RunTime:0.0010s ]
SQL: SHOW COLUMNS FROM `seed_grade` [ RunTime:0.0176s ]
SQL: SELECT * FROM `seed_grade`  [ RunTime:0.0000s ]
SQL: SHOW COLUMNS FROM `seed_class` [ RunTime:0.0176s ]
SQL: SELECT * FROM `seed_class`  [ RunTime:0.0010s ]
SQL: SHOW COLUMNS FROM `seed_teacher` [ RunTime:0.0186s ]
SQL: SELECT `id`,`name` FROM `seed_teacher`  [ RunTime:0.0000s ]
INFO: [ view_parse ] --START--
INFO: [ template_filter ] --START--
INFO: Run Behavior\ContentReplaceBehavior [ RunTime:0.000000s ]
INFO: [ template_filter ] --END-- [ RunTime:0.000000s ]
INFO: Run Behavior\ParseTemplateBehavior [ RunTime:0.010742s ]
INFO: [ view_parse ] --END-- [ RunTime:0.010742s ]
INFO: [ view_filter ] --START--
INFO: Run Behavior\WriteHtmlCacheBehavior [ RunTime:0.000977s ]
INFO: [ view_filter ] --END-- [ RunTime:0.000977s ]
INFO: [ view_parse ] --START--
INFO: [ template_filter ] --START--
INFO: Run Behavior\ContentReplaceBehavior [ RunTime:0.000000s ]
INFO: [ template_filter ] --END-- [ RunTime:-0.009765s ]
INFO: Run Behavior\ParseTemplateBehavior [ RunTime:0.007812s ]
INFO: [ view_parse ] --END-- [ RunTime:-0.001954s ]
INFO: [ view_filter ] --START--
INFO: Run Behavior\WriteHtmlCacheBehavior [ RunTime:0.000000s ]
INFO: [ view_filter ] --END-- [ RunTime:-0.008789s ]
INFO: [ app_end ] --START--
INFO: Run Behavior\ShowPageTraceBehavior [ RunTime:0.000977s ]
INFO: [ app_end ] --END-- [ RunTime:0.000977s ]

[ 2017-12-03T21:57:23+08:00 ] 127.0.0.1 /tp-p69/Public/index.php/School/Survey/addPaper.html
INFO: [ app_init ] --START--
INFO: Run Behavior\BuildLiteBehavior [ RunTime:0.000000s ]
INFO: [ app_init ] --END-- [ RunTime:0.000977s ]
INFO: [ app_begin ] --START--
INFO: Run Behavior\ReadHtmlCacheBehavior [ RunTime:0.000976s ]
INFO: [ app_begin ] --END-- [ RunTime:0.000976s ]
SQL: SHOW COLUMNS FROM `seed_papers` [ RunTime:0.0176s ]
SQL: SHOW COLUMNS FROM `seed_achievement` [ RunTime:0.0176s ]

[ 2017-12-03T22:57:52+08:00 ] 127.0.0.1 /tp-p69/Public/index.php/School/Add/articleAdd.html
INFO: [ app_init ] --START--
INFO: Run Behavior\BuildLiteBehavior [ RunTime:0.000000s ]
INFO: [ app_init ] --END-- [ RunTime:0.000976s ]
INFO: [ app_begin ] --START--
INFO: Run Behavior\ReadHtmlCacheBehavior [ RunTime:0.000977s ]
INFO: [ app_begin ] --END-- [ RunTime:0.000977s ]
SQL: SHOW COLUMNS FROM `seed_papers` [ RunTime:0.0176s ]
SQL: SHOW COLUMNS FROM `seed_achievement` [ RunTime:0.0186s ]
SQL: SHOW COLUMNS FROM `seed_subject` [ RunTime:0.0166s ]
SQL: SELECT * FROM `seed_subject` WHERE ( status='1' )  [ RunTime:0.0000s ]
SQL: SHOW COLUMNS FROM `seed_grade` [ RunTime:0.0176s ]
SQL: SELECT * FROM `seed_grade`  [ RunTime:0.0010s ]
SQL: SHOW COLUMNS FROM `seed_class` [ RunTime:0.0166s ]
SQL: SELECT * FROM `seed_class`  [ RunTime:0.0010s ]
SQL: SHOW COLUMNS FROM `seed_teacher` [ RunTime:0.0166s ]
SQL: SELECT `id`,`name` FROM `seed_teacher`  [ RunTime:0.0000s ]
INFO: [ view_parse ] --START--
INFO: [ template_filter ] --START--
INFO: Run Behavior\ContentReplaceBehavior [ RunTime:0.000000s ]
INFO: [ template_filter ] --END-- [ RunTime:0.000000s ]
INFO: Run Behavior\ParseTemplateBehavior [ RunTime:0.041015s ]
INFO: [ view_parse ] --END-- [ RunTime:0.041015s ]
INFO: [ view_filter ] --START--
INFO: Run Behavior\WriteHtmlCacheBehavior [ RunTime:0.005860s ]
INFO: [ view_filter ] --END-- [ RunTime:0.005860s ]
INFO: [ view_parse ] --START--
INFO: [ template_filter ] --START--
INFO: Run Behavior\ContentReplaceBehavior [ RunTime:0.000000s ]
INFO: [ template_filter ] --END-- [ RunTime:-0.014649s ]
INFO: Run Behavior\ParseTemplateBehavior [ RunTime:0.009765s ]
INFO: [ view_parse ] --END-- [ RunTime:-0.005860s ]
INFO: [ view_filter ] --START--
INFO: Run Behavior\WriteHtmlCacheBehavior [ RunTime:0.000000s ]
INFO: [ view_filter ] --END-- [ RunTime:-0.009765s ]
INFO: [ app_end ] --START--
INFO: Run Behavior\ShowPageTraceBehavior [ RunTime:0.001954s ]
INFO: [ app_end ] --END-- [ RunTime:0.001954s ]

[ 2017-12-03T22:59:36+08:00 ] 127.0.0.1 /tp-p69/Public/index.php/School/Survey/addPaper.html
INFO: [ app_init ] --START--
INFO: Run Behavior\BuildLiteBehavior [ RunTime:0.000000s ]
INFO: [ app_init ] --END-- [ RunTime:0.000000s ]
INFO: [ app_begin ] --START--
INFO: Run Behavior\ReadHtmlCacheBehavior [ RunTime:0.000000s ]
INFO: [ app_begin ] --END-- [ RunTime:0.000976s ]
SQL: SHOW COLUMNS FROM `seed_papers` [ RunTime:0.0176s ]
SQL: SHOW COLUMNS FROM `seed_achievement` [ RunTime:0.0166s ]

[ 2017-12-03T23:01:14+08:00 ] 127.0.0.1 /tp-p69/Public/index.php/School/Survey/addPaper.html
INFO: [ app_init ] --START--
INFO: Run Behavior\BuildLiteBehavior [ RunTime:0.000000s ]
INFO: [ app_init ] --END-- [ RunTime:0.000976s ]
INFO: [ app_begin ] --START--
INFO: Run Behavior\ReadHtmlCacheBehavior [ RunTime:0.000977s ]
INFO: [ app_begin ] --END-- [ RunTime:0.000977s ]
SQL: SHOW COLUMNS FROM `seed_papers` [ RunTime:0.0205s ]
SQL: SHOW COLUMNS FROM `seed_achievement` [ RunTime:0.0186s ]

[ 2017-12-03T23:04:05+08:00 ] 127.0.0.1 /tp-p69/Public/index.php/School/Add/articleAdd.html
INFO: [ app_init ] --START--
INFO: Run Behavior\BuildLiteBehavior [ RunTime:0.000000s ]
INFO: [ app_init ] --END-- [ RunTime:0.000977s ]
INFO: [ app_begin ] --START--
INFO: Run Behavior\ReadHtmlCacheBehavior [ RunTime:0.000977s ]
INFO: [ app_begin ] --END-- [ RunTime:0.000977s ]
SQL: SHOW COLUMNS FROM `seed_papers` [ RunTime:0.0186s ]
SQL: SHOW COLUMNS FROM `seed_achievement` [ RunTime:0.0186s ]
SQL: SHOW COLUMNS FROM `seed_stage` [ RunTime:0.0176s ]
SQL: SHOW COLUMNS FROM `seed_subject` [ RunTime:0.0176s ]
SQL: SELECT * FROM `seed_subject` WHERE ( status='1' )  [ RunTime:0.0000s ]
SQL: SHOW COLUMNS FROM `seed_grade` [ RunTime:0.0186s ]
SQL: SELECT * FROM `seed_grade`  [ RunTime:0.0010s ]
SQL: SHOW COLUMNS FROM `seed_class` [ RunTime:0.0186s ]
SQL: SELECT * FROM `seed_class`  [ RunTime:0.0000s ]
SQL: SHOW COLUMNS FROM `seed_teacher` [ RunTime:0.0195s ]
SQL: SELECT `id`,`name` FROM `seed_teacher`  [ RunTime:0.0010s ]
INFO: [ view_parse ] --START--
INFO: [ template_filter ] --START--
INFO: Run Behavior\ContentReplaceBehavior [ RunTime:0.000000s ]
INFO: [ template_filter ] --END-- [ RunTime:0.000000s ]
INFO: Run Behavior\ParseTemplateBehavior [ RunTime:0.010742s ]
INFO: [ view_parse ] --END-- [ RunTime:0.010742s ]
INFO: [ view_filter ] --START--
INFO: Run Behavior\WriteHtmlCacheBehavior [ RunTime:0.000977s ]
INFO: [ view_filter ] --END-- [ RunTime:0.000977s ]
INFO: [ view_parse ] --START--
INFO: [ template_filter ] --START--
INFO: Run Behavior\ContentReplaceBehavior [ RunTime:0.000000s ]
INFO: [ template_filter ] --END-- [ RunTime:-0.009765s ]
INFO: Run Behavior\ParseTemplateBehavior [ RunTime:0.007812s ]
INFO: [ view_parse ] --END-- [ RunTime:-0.001954s ]
INFO: [ view_filter ] --START--
INFO: Run Behavior\WriteHtmlCacheBehavior [ RunTime:0.000000s ]
INFO: [ view_filter ] --END-- [ RunTime:-0.008789s ]
INFO: [ app_end ] --START--
INFO: Run Behavior\ShowPageTraceBehavior [ RunTime:0.000977s ]
INFO: [ app_end ] --END-- [ RunTime:0.000977s ]

[ 2017-12-03T23:04:50+08:00 ] 127.0.0.1 /tp-p69/Public/index.php/School/Survey/addPaper.html
INFO: [ app_init ] --START--
INFO: Run Behavior\BuildLiteBehavior [ RunTime:0.000000s ]
INFO: [ app_init ] --END-- [ RunTime:0.000977s ]
INFO: [ app_begin ] --START--
INFO: Run Behavior\ReadHtmlCacheBehavior [ RunTime:0.000977s ]
INFO: [ app_begin ] --END-- [ RunTime:0.000977s ]
SQL: SHOW COLUMNS FROM `seed_papers` [ RunTime:0.0176s ]
SQL: SHOW COLUMNS FROM `seed_achievement` [ RunTime:0.0176s ]
SQL: SHOW COLUMNS FROM `seed_stage` [ RunTime:0.0176s ]
SQL: INSERT INTO `seed_stage` (`grade_id`,`unit`,`subject_id`,`time`) VALUES ('8','加基森第三期','6','2017-12-03') [ RunTime:0.0547s ]
SQL: INSERT INTO `seed_stage` (`grade_id`,`unit`,`subject_id`,`time`) VALUES ('8','加基森第三期','6','2017-12-03') [ RunTime:0.0000s ]
SQL: INSERT INTO `seed_papers` () VALUES () [ RunTime:0.0000s ]
INFO: [ app_end ] --START--
INFO: Run Behavior\ShowPageTraceBehavior [ RunTime:0.000977s ]
INFO: [ app_end ] --END-- [ RunTime:0.000977s ]

[ 2017-12-03T23:14:50+08:00 ] 127.0.0.1 /tp-p69/Public/index.php/School/Survey/articlePaper.html
INFO: [ app_init ] --START--
INFO: Run Behavior\BuildLiteBehavior [ RunTime:0.000000s ]
INFO: [ app_init ] --END-- [ RunTime:0.000977s ]
INFO: [ app_begin ] --START--
INFO: Run Behavior\ReadHtmlCacheBehavior [ RunTime:0.000976s ]
INFO: [ app_begin ] --END-- [ RunTime:0.000976s ]
SQL: SHOW COLUMNS FROM `seed_papers` [ RunTime:0.0156s ]
SQL: SHOW COLUMNS FROM `seed_achievement` [ RunTime:0.0166s ]
SQL: SHOW COLUMNS FROM `seed_stage` [ RunTime:0.0156s ]
SQL: SELECT COUNT(*) AS tp_count FROM `seed_papers` WHERE ( status = '1' ) LIMIT 1   [ RunTime:0.0000s ]
SQL: SELECT a.*,b.unit,b.time,c.`name`,d.class,e.grade,f.course FROM seed_papers a  LEFT JOIN seed_stage b on a.stage_id=b.id LEFT JOIN seed_teacher c on a.teacher_id=c.id  LEFT JOIN seed_class d on a.class_id=d.id LEFT JOIN seed_grade e on b.grade_id=e.id  LEFT JOIN seed_subject f on b.subject_id=f.id  WHERE ( a.`status`='1' )  [ RunTime:0.0000s ]
INFO: [ view_parse ] --START--
INFO: [ template_filter ] --START--
INFO: Run Behavior\ContentReplaceBehavior [ RunTime:0.000000s ]
INFO: [ template_filter ] --END-- [ RunTime:0.000000s ]
INFO: Run Behavior\ParseTemplateBehavior [ RunTime:0.011719s ]
INFO: [ view_parse ] --END-- [ RunTime:0.011719s ]
INFO: [ view_filter ] --START--
INFO: Run Behavior\WriteHtmlCacheBehavior [ RunTime:0.000977s ]
INFO: [ view_filter ] --END-- [ RunTime:0.000977s ]
INFO: [ view_parse ] --START--
INFO: [ template_filter ] --START--
INFO: Run Behavior\ContentReplaceBehavior [ RunTime:0.000000s ]
INFO: [ template_filter ] --END-- [ RunTime:-0.006836s ]
INFO: Run Behavior\ParseTemplateBehavior [ RunTime:0.003907s ]
INFO: [ view_parse ] --END-- [ RunTime:-0.001953s ]
INFO: [ view_filter ] --START--
INFO: Run Behavior\WriteHtmlCacheBehavior [ RunTime:0.000000s ]
INFO: [ view_filter ] --END-- [ RunTime:-0.004883s ]
INFO: [ view_parse ] --START--
INFO: [ template_filter ] --START--
INFO: Run Behavior\ContentReplaceBehavior [ RunTime:0.000000s ]
INFO: [ template_filter ] --END-- [ RunTime:-0.013672s ]
NOTIC: [8] Use of undefined constant School - assumed 'School' D:\WWW\tp-p69\Application\Runtime\Cache\School\5675d46c7d262ba36c4654ac5e0e1829.php 第 50 行.
NOTIC: [8] Use of undefined constant Add - assumed 'Add' D:\WWW\tp-p69\Application\Runtime\Cache\School\5675d46c7d262ba36c4654ac5e0e1829.php 第 50 行.
NOTIC: [2] Division by zero D:\WWW\tp-p69\Application\Runtime\Cache\School\5675d46c7d262ba36c4654ac5e0e1829.php 第 50 行.
NOTIC: [8] Use of undefined constant articleAdd - assumed 'articleAdd' D:\WWW\tp-p69\Application\Runtime\Cache\School\5675d46c7d262ba36c4654ac5e0e1829.php 第 50 行.
NOTIC: [2] Division by zero D:\WWW\tp-p69\Application\Runtime\Cache\School\5675d46c7d262ba36c4654ac5e0e1829.php 第 50 行.
NOTIC: [8] Use of undefined constant School - assumed 'School' D:\WWW\tp-p69\Application\Runtime\Cache\School\5675d46c7d262ba36c4654ac5e0e1829.php 第 50 行.
NOTIC: [8] Use of undefined constant Add - assumed 'Add' D:\WWW\tp-p69\Application\Runtime\Cache\School\5675d46c7d262ba36c4654ac5e0e1829.php 第 50 行.
NOTIC: [2] Division by zero D:\WWW\tp-p69\Application\Runtime\Cache\School\5675d46c7d262ba36c4654ac5e0e1829.php 第 50 行.
NOTIC: [8] Use of undefined constant articleAdd - assumed 'articleAdd' D:\WWW\tp-p69\Application\Runtime\Cache\School\5675d46c7d262ba36c4654ac5e0e1829.php 第 50 行.
NOTIC: [2] Division by zero D:\WWW\tp-p69\Application\Runtime\Cache\School\5675d46c7d262ba36c4654ac5e0e1829.php 第 50 行.
NOTIC: [8] Use of undefined constant School - assumed 'School' D:\WWW\tp-p69\Application\Runtime\Cache\School\5675d46c7d262ba36c4654ac5e0e1829.php 第 50 行.
NOTIC: [8] Use of undefined constant Add - assumed 'Add' D:\WWW\tp-p69\Application\Runtime\Cache\School\5675d46c7d262ba36c4654ac5e0e1829.php 第 50 行.
NOTIC: [2] Division by zero D:\WWW\tp-p69\Application\Runtime\Cache\School\5675d46c7d262ba36c4654ac5e0e1829.php 第 50 行.
NOTIC: [8] Use of undefined constant articleAdd - assumed 'articleAdd' D:\WWW\tp-p69\Application\Runtime\Cache\School\5675d46c7d262ba36c4654ac5e0e1829.php 第 50 行.
NOTIC: [2] Division by zero D:\WWW\tp-p69\Application\Runtime\Cache\School\5675d46c7d262ba36c4654ac5e0e1829.php 第 50 行.
INFO: Run Behavior\ParseTemplateBehavior [ RunTime:0.006836s ]
INFO: [ view_parse ] --END-- [ RunTime:-0.006836s ]
INFO: [ view_filter ] --START--
INFO: Run Behavior\WriteHtmlCacheBehavior [ RunTime:0.000000s ]
INFO: [ view_filter ] --END-- [ RunTime:-0.013672s ]
INFO: [ app_end ] --START--
INFO: Run Behavior\ShowPageTraceBehavior [ RunTime:0.000976s ]
INFO: [ app_end ] --END-- [ RunTime:0.001953s ]

[ 2017-12-03T23:14:52+08:00 ] 127.0.0.1 /tp-p69/Public/index.php/School/Add/articleAdd.html
INFO: [ app_init ] --START--
INFO: Run Behavior\BuildLiteBehavior [ RunTime:0.000000s ]
INFO: [ app_init ] --END-- [ RunTime:0.000000s ]
INFO: [ app_begin ] --START--
INFO: Run Behavior\ReadHtmlCacheBehavior [ RunTime:0.000976s ]
INFO: [ app_begin ] --END-- [ RunTime:0.001953s ]
SQL: SHOW COLUMNS FROM `seed_papers` [ RunTime:0.0176s ]
SQL: SHOW COLUMNS FROM `seed_achievement` [ RunTime:0.0166s ]
SQL: SHOW COLUMNS FROM `seed_stage` [ RunTime:0.0166s ]
SQL: SHOW COLUMNS FROM `seed_subject` [ RunTime:0.0166s ]
SQL: SELECT * FROM `seed_subject` WHERE ( status='1' )  [ RunTime:0.0010s ]
SQL: SHOW COLUMNS FROM `seed_grade` [ RunTime:0.0176s ]
SQL: SELECT * FROM `seed_grade`  [ RunTime:0.0010s ]
SQL: SHOW COLUMNS FROM `seed_class` [ RunTime:0.0176s ]
SQL: SELECT * FROM `seed_class`  [ RunTime:0.0000s ]
SQL: SHOW COLUMNS FROM `seed_teacher` [ RunTime:0.0186s ]
SQL: SELECT `id`,`name` FROM `seed_teacher`  [ RunTime:0.0010s ]
INFO: [ view_parse ] --START--
INFO: [ template_filter ] --START--
INFO: Run Behavior\ContentReplaceBehavior [ RunTime:0.000000s ]
INFO: [ template_filter ] --END-- [ RunTime:0.000000s ]
INFO: Run Behavior\ParseTemplateBehavior [ RunTime:0.011719s ]
INFO: [ view_parse ] --END-- [ RunTime:0.011719s ]
INFO: [ view_filter ] --START--
INFO: Run Behavior\WriteHtmlCacheBehavior [ RunTime:0.000977s ]
INFO: [ view_filter ] --END-- [ RunTime:0.000977s ]
INFO: [ view_parse ] --START--
INFO: [ template_filter ] --START--
INFO: Run Behavior\ContentReplaceBehavior [ RunTime:0.000000s ]
INFO: [ template_filter ] --END-- [ RunTime:-0.009766s ]
INFO: Run Behavior\ParseTemplateBehavior [ RunTime:0.007813s ]
INFO: [ view_parse ] --END-- [ RunTime:-0.001953s ]
INFO: [ view_filter ] --START--
INFO: Run Behavior\WriteHtmlCacheBehavior [ RunTime:0.000000s ]
INFO: [ view_filter ] --END-- [ RunTime:-0.008789s ]
INFO: [ app_end ] --START--
INFO: Run Behavior\ShowPageTraceBehavior [ RunTime:0.001953s ]
INFO: [ app_end ] --END-- [ RunTime:0.001953s ]

[ 2017-12-03T23:25:24+08:00 ] 127.0.0.1 /tp-p69/Public/index.php/School/Add/articleAdd.html
INFO: [ app_init ] --START--
INFO: Run Behavior\BuildLiteBehavior [ RunTime:0.000000s ]
INFO: [ app_init ] --END-- [ RunTime:0.000976s ]
INFO: [ app_begin ] --START--
INFO: Run Behavior\ReadHtmlCacheBehavior [ RunTime:0.000976s ]
INFO: [ app_begin ] --END-- [ RunTime:0.000976s ]
SQL: SHOW COLUMNS FROM `seed_papers` [ RunTime:0.0166s ]
SQL: SHOW COLUMNS FROM `seed_achievement` [ RunTime:0.0166s ]
SQL: SHOW COLUMNS FROM `seed_stage` [ RunTime:0.0186s ]
SQL: SHOW COLUMNS FROM `seed_subject` [ RunTime:0.0176s ]
SQL: SELECT * FROM `seed_subject` WHERE ( status='1' )  [ RunTime:0.0010s ]
SQL: SHOW COLUMNS FROM `seed_grade` [ RunTime:0.0166s ]
SQL: SELECT * FROM `seed_grade`  [ RunTime:0.0010s ]
SQL: SHOW COLUMNS FROM `seed_class` [ RunTime:0.0156s ]
SQL: SELECT * FROM `seed_class`  [ RunTime:0.0000s ]
SQL: SHOW COLUMNS FROM `seed_teacher` [ RunTime:0.0166s ]
SQL: SELECT `id`,`name` FROM `seed_teacher`  [ RunTime:0.0010s ]
INFO: [ view_parse ] --START--
INFO: [ template_filter ] --START--
INFO: Run Behavior\ContentReplaceBehavior [ RunTime:0.000000s ]
INFO: [ template_filter ] --END-- [ RunTime:0.000000s ]
INFO: Run Behavior\ParseTemplateBehavior [ RunTime:0.010742s ]
INFO: [ view_parse ] --END-- [ RunTime:0.010742s ]
INFO: [ view_filter ] --START--
INFO: Run Behavior\WriteHtmlCacheBehavior [ RunTime:0.000977s ]
INFO: [ view_filter ] --END-- [ RunTime:0.000977s ]
INFO: [ view_parse ] --START--
INFO: [ template_filter ] --START--
INFO: Run Behavior\ContentReplaceBehavior [ RunTime:0.000000s ]
INFO: [ template_filter ] --END-- [ RunTime:-0.009766s ]
INFO: Run Behavior\ParseTemplateBehavior [ RunTime:0.008789s ]
INFO: [ view_parse ] --END-- [ RunTime:-0.001953s ]
INFO: [ view_filter ] --START--
INFO: Run Behavior\WriteHtmlCacheBehavior [ RunTime:0.000000s ]
INFO: [ view_filter ] --END-- [ RunTime:-0.009765s ]
INFO: [ app_end ] --START--
INFO: Run Behavior\ShowPageTraceBehavior [ RunTime:0.000977s ]
INFO: [ app_end ] --END-- [ RunTime:0.001953s ]

[ 2017-12-03T23:25:46+08:00 ] 127.0.0.1 /tp-p69/Public/index.php/School/Add/articleAdd.html
INFO: [ app_init ] --START--
INFO: Run Behavior\BuildLiteBehavior [ RunTime:0.000000s ]
INFO: [ app_init ] --END-- [ RunTime:0.000976s ]
INFO: [ app_begin ] --START--
INFO: Run Behavior\ReadHtmlCacheBehavior [ RunTime:0.000976s ]
INFO: [ app_begin ] --END-- [ RunTime:0.000976s ]
SQL: SHOW COLUMNS FROM `seed_papers` [ RunTime:0.0166s ]
SQL: SHOW COLUMNS FROM `seed_achievement` [ RunTime:0.0176s ]
SQL: SHOW COLUMNS FROM `seed_stage` [ RunTime:0.0176s ]
SQL: SHOW COLUMNS FROM `seed_subject` [ RunTime:0.0166s ]
SQL: SELECT * FROM `seed_subject` WHERE ( status='1' )  [ RunTime:0.0000s ]
SQL: SHOW COLUMNS FROM `seed_grade` [ RunTime:0.0156s ]
SQL: SELECT * FROM `seed_grade`  [ RunTime:0.0000s ]
SQL: SHOW COLUMNS FROM `seed_class` [ RunTime:0.0176s ]
SQL: SELECT * FROM `seed_class`  [ RunTime:0.0010s ]
SQL: SHOW COLUMNS FROM `seed_teacher` [ RunTime:0.0166s ]
SQL: SELECT `id`,`name` FROM `seed_teacher`  [ RunTime:0.0000s ]
INFO: [ view_parse ] --START--
INFO: [ template_filter ] --START--
INFO: Run Behavior\ContentReplaceBehavior [ RunTime:0.000000s ]
INFO: [ template_filter ] --END-- [ RunTime:0.000000s ]
INFO: Run Behavior\ParseTemplateBehavior [ RunTime:0.008789s ]
INFO: [ view_parse ] --END-- [ RunTime:0.008789s ]
INFO: [ view_filter ] --START--
INFO: Run Behavior\WriteHtmlCacheBehavior [ RunTime:0.000977s ]
INFO: [ view_filter ] --END-- [ RunTime:0.000977s ]
INFO: [ view_parse ] --START--
INFO: [ template_filter ] --START--
INFO: Run Behavior\ContentReplaceBehavior [ RunTime:0.000000s ]
INFO: [ template_filter ] --END-- [ RunTime:-0.007812s ]
INFO: Run Behavior\ParseTemplateBehavior [ RunTime:0.007812s ]
INFO: [ view_parse ] --END-- [ RunTime:-0.000977s ]
INFO: [ view_filter ] --START--
INFO: Run Behavior\WriteHtmlCacheBehavior [ RunTime:0.000000s ]
INFO: [ view_filter ] --END-- [ RunTime:-0.007812s ]
INFO: [ app_end ] --START--
INFO: Run Behavior\ShowPageTraceBehavior [ RunTime:0.000977s ]
INFO: [ app_end ] --END-- [ RunTime:0.000977s ]

[ 2017-12-03T23:25:54+08:00 ] 127.0.0.1 /tp-p69/Public/index.php/School/Survey/articlePaper.html
INFO: [ app_init ] --START--
INFO: Run Behavior\BuildLiteBehavior [ RunTime:0.000000s ]
INFO: [ app_init ] --END-- [ RunTime:0.000976s ]
INFO: [ app_begin ] --START--
INFO: Run Behavior\ReadHtmlCacheBehavior [ RunTime:0.000976s ]
INFO: [ app_begin ] --END-- [ RunTime:0.000976s ]
SQL: SHOW COLUMNS FROM `seed_papers` [ RunTime:0.0166s ]
SQL: SHOW COLUMNS FROM `seed_achievement` [ RunTime:0.0176s ]
SQL: SHOW COLUMNS FROM `seed_stage` [ RunTime:0.0176s ]
SQL: SELECT COUNT(*) AS tp_count FROM `seed_papers` WHERE ( status = '1' ) LIMIT 1   [ RunTime:0.0000s ]
SQL: SELECT a.*,b.unit,b.time,c.`name`,d.class,e.grade,f.course FROM seed_papers a  LEFT JOIN seed_stage b on a.stage_id=b.id LEFT JOIN seed_teacher c on a.teacher_id=c.id  LEFT JOIN seed_class d on a.class_id=d.id LEFT JOIN seed_grade e on b.grade_id=e.id  LEFT JOIN seed_subject f on b.subject_id=f.id  WHERE ( a.`status`='1' )  [ RunTime:0.0000s ]
INFO: [ view_parse ] --START--
INFO: [ template_filter ] --START--
INFO: Run Behavior\ContentReplaceBehavior [ RunTime:0.000000s ]
INFO: [ template_filter ] --END-- [ RunTime:0.000000s ]
INFO: Run Behavior\ParseTemplateBehavior [ RunTime:0.008789s ]
INFO: [ view_parse ] --END-- [ RunTime:0.008789s ]
INFO: [ view_filter ] --START--
INFO: Run Behavior\WriteHtmlCacheBehavior [ RunTime:0.000000s ]
INFO: [ view_filter ] --END-- [ RunTime:0.000976s ]
INFO: [ view_parse ] --START--
INFO: [ template_filter ] --START--
INFO: Run Behavior\ContentReplaceBehavior [ RunTime:0.000000s ]
INFO: [ template_filter ] --END-- [ RunTime:-0.004883s ]
INFO: Run Behavior\ParseTemplateBehavior [ RunTime:0.003907s ]
INFO: [ view_parse ] --END-- [ RunTime:-0.000976s ]
INFO: [ view_filter ] --START--
INFO: Run Behavior\WriteHtmlCacheBehavior [ RunTime:0.000000s ]
INFO: [ view_filter ] --END-- [ RunTime:-0.003907s ]
INFO: [ view_parse ] --START--
INFO: [ template_filter ] --START--
INFO: Run Behavior\ContentReplaceBehavior [ RunTime:0.000000s ]
INFO: [ template_filter ] --END-- [ RunTime:-0.011719s ]
NOTIC: [8] Use of undefined constant School - assumed 'School' D:\WWW\tp-p69\Application\Runtime\Cache\School\5675d46c7d262ba36c4654ac5e0e1829.php 第 50 行.
NOTIC: [8] Use of undefined constant Add - assumed 'Add' D:\WWW\tp-p69\Application\Runtime\Cache\School\5675d46c7d262ba36c4654ac5e0e1829.php 第 50 行.
NOTIC: [2] Division by zero D:\WWW\tp-p69\Application\Runtime\Cache\School\5675d46c7d262ba36c4654ac5e0e1829.php 第 50 行.
NOTIC: [8] Use of undefined constant articleAdd - assumed 'articleAdd' D:\WWW\tp-p69\Application\Runtime\Cache\School\5675d46c7d262ba36c4654ac5e0e1829.php 第 50 行.
NOTIC: [2] Division by zero D:\WWW\tp-p69\Application\Runtime\Cache\School\5675d46c7d262ba36c4654ac5e0e1829.php 第 50 行.
NOTIC: [8] Use of undefined constant School - assumed 'School' D:\WWW\tp-p69\Application\Runtime\Cache\School\5675d46c7d262ba36c4654ac5e0e1829.php 第 50 行.
NOTIC: [8] Use of undefined constant Add - assumed 'Add' D:\WWW\tp-p69\Application\Runtime\Cache\School\5675d46c7d262ba36c4654ac5e0e1829.php 第 50 行.
NOTIC: [2] Division by zero D:\WWW\tp-p69\Application\Runtime\Cache\School\5675d46c7d262ba36c4654ac5e0e1829.php 第 50 行.
NOTIC: [8] Use of undefined constant articleAdd - assumed 'articleAdd' D:\WWW\tp-p69\Application\Runtime\Cache\School\5675d46c7d262ba36c4654ac5e0e1829.php 第 50 行.
NOTIC: [2] Division by zero D:\WWW\tp-p69\Application\Runtime\Cache\School\5675d46c7d262ba36c4654ac5e0e1829.php 第 50 行.
INFO: Run Behavior\ParseTemplateBehavior [ RunTime:0.006836s ]
INFO: [ view_parse ] --END-- [ RunTime:-0.004883s ]
INFO: [ view_filter ] --START--
INFO: Run Behavior\WriteHtmlCacheBehavior [ RunTime:0.000000s ]
INFO: [ view_filter ] --END-- [ RunTime:-0.010743s ]
INFO: [ app_end ] --START--
INFO: Run Behavior\ShowPageTraceBehavior [ RunTime:0.000976s ]
INFO: [ app_end ] --END-- [ RunTime:0.000976s ]

[ 2017-12-03T23:25:56+08:00 ] 127.0.0.1 /tp-p69/Public/index.php/School/Add/articleAdd.html
INFO: [ app_init ] --START--
INFO: Run Behavior\BuildLiteBehavior [ RunTime:0.000000s ]
INFO: [ app_init ] --END-- [ RunTime:0.000000s ]
INFO: [ app_begin ] --START--
INFO: Run Behavior\ReadHtmlCacheBehavior [ RunTime:0.000000s ]
INFO: [ app_begin ] --END-- [ RunTime:0.000977s ]
SQL: SHOW COLUMNS FROM `seed_papers` [ RunTime:0.0166s ]
SQL: SHOW COLUMNS FROM `seed_achievement` [ RunTime:0.0176s ]
SQL: SHOW COLUMNS FROM `seed_stage` [ RunTime:0.0166s ]
SQL: SHOW COLUMNS FROM `seed_subject` [ RunTime:0.0156s ]
SQL: SELECT * FROM `seed_subject` WHERE ( status='1' )  [ RunTime:0.0010s ]
SQL: SHOW COLUMNS FROM `seed_grade` [ RunTime:0.0156s ]
SQL: SELECT * FROM `seed_grade`  [ RunTime:0.0010s ]
SQL: SHOW COLUMNS FROM `seed_class` [ RunTime:0.0166s ]
SQL: SELECT * FROM `seed_class`  [ RunTime:0.0010s ]
SQL: SHOW COLUMNS FROM `seed_teacher` [ RunTime:0.0166s ]
SQL: SELECT `id`,`name` FROM `seed_teacher`  [ RunTime:0.0010s ]
INFO: [ view_parse ] --START--
INFO: [ template_filter ] --START--
INFO: Run Behavior\ContentReplaceBehavior [ RunTime:0.000000s ]
INFO: [ template_filter ] --END-- [ RunTime:0.000000s ]
INFO: Run Behavior\ParseTemplateBehavior [ RunTime:0.008789s ]
INFO: [ view_parse ] --END-- [ RunTime:0.008789s ]
INFO: [ view_filter ] --START--
INFO: Run Behavior\WriteHtmlCacheBehavior [ RunTime:0.000000s ]
INFO: [ view_filter ] --END-- [ RunTime:0.000000s ]
INFO: [ view_parse ] --START--
INFO: [ template_filter ] --START--
INFO: Run Behavior\ContentReplaceBehavior [ RunTime:0.000000s ]
INFO: [ template_filter ] --END-- [ RunTime:-0.007813s ]
INFO: Run Behavior\ParseTemplateBehavior [ RunTime:0.007812s ]
INFO: [ view_parse ] --END-- [ RunTime:0.000000s ]
INFO: [ view_filter ] --START--
INFO: Run Behavior\WriteHtmlCacheBehavior [ RunTime:0.000000s ]
INFO: [ view_filter ] --END-- [ RunTime:-0.007812s ]
INFO: [ app_end ] --START--
INFO: Run Behavior\ShowPageTraceBehavior [ RunTime:0.000977s ]
INFO: [ app_end ] --END-- [ RunTime:0.000977s ]

[ 2017-12-03T23:26:00+08:00 ] 127.0.0.1 /tp-p69/Public/index.php/School/Add/articleAdd.html
INFO: [ app_init ] --START--
INFO: Run Behavior\BuildLiteBehavior [ RunTime:0.000000s ]
INFO: [ app_init ] --END-- [ RunTime:0.000000s ]
INFO: [ app_begin ] --START--
INFO: Run Behavior\ReadHtmlCacheBehavior [ RunTime:0.000000s ]
INFO: [ app_begin ] --END-- [ RunTime:0.000977s ]
SQL: SHOW COLUMNS FROM `seed_papers` [ RunTime:0.0186s ]
SQL: SHOW COLUMNS FROM `seed_achievement` [ RunTime:0.0166s ]
SQL: SHOW COLUMNS FROM `seed_stage` [ RunTime:0.0166s ]
SQL: SHOW COLUMNS FROM `seed_subject` [ RunTime:0.0176s ]
SQL: SELECT * FROM `seed_subject` WHERE ( status='1' )  [ RunTime:0.0010s ]
SQL: SHOW COLUMNS FROM `seed_grade` [ RunTime:0.0166s ]
SQL: SELECT * FROM `seed_grade`  [ RunTime:0.0010s ]
SQL: SHOW COLUMNS FROM `seed_class` [ RunTime:0.0176s ]
SQL: SELECT * FROM `seed_class`  [ RunTime:0.0010s ]
SQL: SHOW COLUMNS FROM `seed_teacher` [ RunTime:0.0166s ]
SQL: SELECT `id`,`name` FROM `seed_teacher`  [ RunTime:0.0000s ]
INFO: [ view_parse ] --START--
INFO: [ template_filter ] --START--
INFO: Run Behavior\ContentReplaceBehavior [ RunTime:0.000976s ]
INFO: [ template_filter ] --END-- [ RunTime:0.000976s ]
INFO: Run Behavior\ParseTemplateBehavior [ RunTime:0.008789s ]
INFO: [ view_parse ] --END-- [ RunTime:0.008789s ]
INFO: [ view_filter ] --START--
INFO: Run Behavior\WriteHtmlCacheBehavior [ RunTime:0.000977s ]
INFO: [ view_filter ] --END-- [ RunTime:0.000977s ]
INFO: [ view_parse ] --START--
INFO: [ template_filter ] --START--
INFO: Run Behavior\ContentReplaceBehavior [ RunTime:0.000000s ]
INFO: [ template_filter ] --END-- [ RunTime:-0.007813s ]
INFO: Run Behavior\ParseTemplateBehavior [ RunTime:0.007812s ]
INFO: [ view_parse ] --END-- [ RunTime:-0.000977s ]
INFO: [ view_filter ] --START--
INFO: Run Behavior\WriteHtmlCacheBehavior [ RunTime:0.000000s ]
INFO: [ view_filter ] --END-- [ RunTime:-0.007812s ]
INFO: [ app_end ] --START--
INFO: Run Behavior\ShowPageTraceBehavior [ RunTime:0.000977s ]
INFO: [ app_end ] --END-- [ RunTime:0.000977s ]

[ 2017-12-03T23:27:06+08:00 ] 127.0.0.1 /tp-p69/Public/index.php/School/Survey/addPaper.html
INFO: [ app_init ] --START--
INFO: Run Behavior\BuildLiteBehavior [ RunTime:0.000000s ]
INFO: [ app_init ] --END-- [ RunTime:0.000977s ]
INFO: [ app_begin ] --START--
INFO: Run Behavior\ReadHtmlCacheBehavior [ RunTime:0.000977s ]
INFO: [ app_begin ] --END-- [ RunTime:0.000977s ]
SQL: SHOW COLUMNS FROM `seed_papers` [ RunTime:0.0166s ]
SQL: SHOW COLUMNS FROM `seed_achievement` [ RunTime:0.0156s ]
SQL: SHOW COLUMNS FROM `seed_stage` [ RunTime:0.0156s ]
SQL: INSERT INTO `seed_stage` (`grade_id`,`unit`,`subject_id`,`time`) VALUES ('8','加基森第三期','6','2017-12-03') [ RunTime:0.0010s ]
SQL: INSERT INTO `seed_stage` () VALUES () [ RunTime:0.0000s ]
SQL: INSERT INTO `seed_papers` (`papers_name`,`teacher_id`,`class_id`,`stage_id`,`fractions`) VALUES ('期中考试','3','2','5','90') [ RunTime:0.0000s ]

[ 2017-12-03T23:29:48+08:00 ] 127.0.0.1 /tp-p69/Public/index.php/School/Index/showIndex.html
INFO: [ app_init ] --START--
INFO: Run Behavior\BuildLiteBehavior [ RunTime:0.000000s ]
INFO: [ app_init ] --END-- [ RunTime:0.000000s ]
INFO: [ app_begin ] --START--
INFO: Run Behavior\ReadHtmlCacheBehavior [ RunTime:0.000976s ]
INFO: [ app_begin ] --END-- [ RunTime:0.000976s ]
SQL: SHOW COLUMNS FROM `seed_menu` [ RunTime:0.0176s ]
SQL: SELECT * FROM `seed_menu` WHERE ( module='School' )  [ RunTime:0.0010s ]
SQL: SHOW COLUMNS FROM `seed_user` [ RunTime:0.0186s ]
SQL: SHOW COLUMNS FROM `seed_menu` [ RunTime:0.0166s ]
SQL: SELECT * FROM `seed_menu` WHERE ( id=7 )  [ RunTime:0.0000s ]
INFO: [ view_parse ] --START--
INFO: [ template_filter ] --START--
INFO: Run Behavior\ContentReplaceBehavior [ RunTime:0.000000s ]
INFO: [ template_filter ] --END-- [ RunTime:0.000000s ]
INFO: Run Behavior\ParseTemplateBehavior [ RunTime:0.032227s ]
INFO: [ view_parse ] --END-- [ RunTime:0.032227s ]
INFO: [ view_filter ] --START--
INFO: Run Behavior\WriteHtmlCacheBehavior [ RunTime:0.000977s ]
INFO: [ view_filter ] --END-- [ RunTime:0.000977s ]
INFO: [ view_parse ] --START--
INFO: [ template_filter ] --START--
INFO: Run Behavior\ContentReplaceBehavior [ RunTime:0.000000s ]
INFO: [ template_filter ] --END-- [ RunTime:-0.031250s ]
INFO: Run Behavior\ParseTemplateBehavior [ RunTime:0.026367s ]
INFO: [ view_parse ] --END-- [ RunTime:-0.012695s ]
INFO: [ view_filter ] --START--
INFO: Run Behavior\WriteHtmlCacheBehavior [ RunTime:0.000000s ]
INFO: [ view_filter ] --END-- [ RunTime:-0.038085s ]
NOTIC: [2] Cannot modify header information - headers already sent by (output started at D:\WWW\tp-p69\ThinkPHP\Library\Think\View.class.php:95) D:\WWW\tp-p69\ThinkPHP\Library\Think\View.class.php 第 91 行.
NOTIC: [2] Cannot modify header information - headers already sent by (output started at D:\WWW\tp-p69\ThinkPHP\Library\Think\View.class.php:95) D:\WWW\tp-p69\ThinkPHP\Library\Think\View.class.php 第 92 行.
NOTIC: [2] Cannot modify header information - headers already sent by (output started at D:\WWW\tp-p69\ThinkPHP\Library\Think\View.class.php:95) D:\WWW\tp-p69\ThinkPHP\Library\Think\View.class.php 第 93 行.
INFO: [ view_parse ] --START--
INFO: [ template_filter ] --START--
INFO: Run Behavior\ContentReplaceBehavior [ RunTime:0.000000s ]
INFO: [ template_filter ] --END-- [ RunTime:-0.057617s ]
INFO: Run Behavior\ParseTemplateBehavior [ RunTime:0.016601s ]
INFO: [ view_parse ] --END-- [ RunTime:-0.041016s ]
INFO: [ view_filter ] --START--
INFO: Run Behavior\WriteHtmlCacheBehavior [ RunTime:0.000000s ]
INFO: [ view_filter ] --END-- [ RunTime:-0.056640s ]
NOTIC: [2] Cannot modify header information - headers already sent by (output started at D:\WWW\tp-p69\ThinkPHP\Library\Think\View.class.php:95) D:\WWW\tp-p69\ThinkPHP\Library\Think\View.class.php 第 91 行.
NOTIC: [2] Cannot modify header information - headers already sent by (output started at D:\WWW\tp-p69\ThinkPHP\Library\Think\View.class.php:95) D:\WWW\tp-p69\ThinkPHP\Library\Think\View.class.php 第 92 行.
NOTIC: [2] Cannot modify header information - headers already sent by (output started at D:\WWW\tp-p69\ThinkPHP\Library\Think\View.class.php:95) D:\WWW\tp-p69\ThinkPHP\Library\Think\View.class.php 第 93 行.
INFO: [ app_end ] --START--
INFO: Run Behavior\ShowPageTraceBehavior [ RunTime:0.000977s ]
INFO: [ app_end ] --END-- [ RunTime:0.000977s ]

[ 2017-12-03T23:29:48+08:00 ] 127.0.0.1 /tp-p69/Public/index.php/School/Login/welcome.html
INFO: [ app_init ] --START--
INFO: Run Behavior\BuildLiteBehavior [ RunTime:0.000977s ]
INFO: [ app_init ] --END-- [ RunTime:0.000977s ]
INFO: [ app_begin ] --START--
INFO: Run Behavior\ReadHtmlCacheBehavior [ RunTime:0.000976s ]
INFO: [ app_begin ] --END-- [ RunTime:0.000976s ]
INFO: [ view_parse ] --START--
INFO: [ template_filter ] --START--
INFO: Run Behavior\ContentReplaceBehavior [ RunTime:0.000976s ]
INFO: [ template_filter ] --END-- [ RunTime:0.000976s ]
INFO: Run Behavior\ParseTemplateBehavior [ RunTime:0.030273s ]
INFO: [ view_parse ] --END-- [ RunTime:0.030273s ]
INFO: [ view_filter ] --START--
INFO: Run Behavior\WriteHtmlCacheBehavior [ RunTime:0.000000s ]
INFO: [ view_filter ] --END-- [ RunTime:0.000977s ]
INFO: [ app_end ] --START--
INFO: Run Behavior\ShowPageTraceBehavior [ RunTime:0.000000s ]
INFO: [ app_end ] --END-- [ RunTime:0.000976s ]

[ 2017-12-03T23:29:52+08:00 ] 127.0.0.1 /tp-p69/Public/index.php/School/Survey/articlePaper.html
INFO: [ app_init ] --START--
INFO: Run Behavior\BuildLiteBehavior [ RunTime:0.000000s ]
INFO: [ app_init ] --END-- [ RunTime:0.000000s ]
INFO: [ app_begin ] --START--
INFO: Run Behavior\ReadHtmlCacheBehavior [ RunTime:0.000000s ]
INFO: [ app_begin ] --END-- [ RunTime:0.000000s ]
SQL: SHOW COLUMNS FROM `seed_papers` [ RunTime:0.0176s ]
SQL: SHOW COLUMNS FROM `seed_achievement` [ RunTime:0.0156s ]
SQL: SHOW COLUMNS FROM `seed_stage` [ RunTime:0.0166s ]
SQL: SELECT COUNT(*) AS tp_count FROM `seed_papers` WHERE ( status = '1' ) LIMIT 1   [ RunTime:0.0000s ]
SQL: SELECT a.*,b.unit,b.time,c.`name`,d.class,e.grade,f.course FROM seed_papers a  LEFT JOIN seed_stage b on a.stage_id=b.id LEFT JOIN seed_teacher c on a.teacher_id=c.id  LEFT JOIN seed_class d on a.class_id=d.id LEFT JOIN seed_grade e on b.grade_id=e.id  LEFT JOIN seed_subject f on b.subject_id=f.id  WHERE ( a.`status`='1' )  [ RunTime:0.0010s ]
INFO: [ view_parse ] --START--
INFO: [ template_filter ] --START--
INFO: Run Behavior\ContentReplaceBehavior [ RunTime:0.000000s ]
INFO: [ template_filter ] --END-- [ RunTime:0.000000s ]
INFO: Run Behavior\ParseTemplateBehavior [ RunTime:0.009765s ]
INFO: [ view_parse ] --END-- [ RunTime:0.009765s ]
INFO: [ view_filter ] --START--
INFO: Run Behavior\WriteHtmlCacheBehavior [ RunTime:0.000977s ]
INFO: [ view_filter ] --END-- [ RunTime:0.000977s ]
INFO: [ view_parse ] --START--
INFO: [ template_filter ] --START--
INFO: Run Behavior\ContentReplaceBehavior [ RunTime:0.000000s ]
INFO: [ template_filter ] --END-- [ RunTime:-0.003907s ]
INFO: Run Behavior\ParseTemplateBehavior [ RunTime:0.003906s ]
INFO: [ view_parse ] --END-- [ RunTime:-0.000977s ]
INFO: [ view_filter ] --START--
INFO: Run Behavior\WriteHtmlCacheBehavior [ RunTime:0.000000s ]
INFO: [ view_filter ] --END-- [ RunTime:-0.003906s ]
INFO: [ view_parse ] --START--
INFO: [ template_filter ] --START--
INFO: Run Behavior\ContentReplaceBehavior [ RunTime:0.000000s ]
INFO: [ template_filter ] --END-- [ RunTime:-0.010743s ]
NOTIC: [8] Use of undefined constant School - assumed 'School' D:\WWW\tp-p69\Application\Runtime\Cache\School\5675d46c7d262ba36c4654ac5e0e1829.php 第 50 行.
NOTIC: [8] Use of undefined constant Add - assumed 'Add' D:\WWW\tp-p69\Application\Runtime\Cache\School\5675d46c7d262ba36c4654ac5e0e1829.php 第 50 行.
NOTIC: [2] Division by zero D:\WWW\tp-p69\Application\Runtime\Cache\School\5675d46c7d262ba36c4654ac5e0e1829.php 第 50 行.
NOTIC: [8] Use of undefined constant articleAdd - assumed 'articleAdd' D:\WWW\tp-p69\Application\Runtime\Cache\School\5675d46c7d262ba36c4654ac5e0e1829.php 第 50 行.
NOTIC: [2] Division by zero D:\WWW\tp-p69\Application\Runtime\Cache\School\5675d46c7d262ba36c4654ac5e0e1829.php 第 50 行.
NOTIC: [8] Use of undefined constant School - assumed 'School' D:\WWW\tp-p69\Application\Runtime\Cache\School\5675d46c7d262ba36c4654ac5e0e1829.php 第 50 行.
NOTIC: [8] Use of undefined constant Add - assumed 'Add' D:\WWW\tp-p69\Application\Runtime\Cache\School\5675d46c7d262ba36c4654ac5e0e1829.php 第 50 行.
NOTIC: [2] Division by zero D:\WWW\tp-p69\Application\Runtime\Cache\School\5675d46c7d262ba36c4654ac5e0e1829.php 第 50 行.
NOTIC: [8] Use of undefined constant articleAdd - assumed 'articleAdd' D:\WWW\tp-p69\Application\Runtime\Cache\School\5675d46c7d262ba36c4654ac5e0e1829.php 第 50 行.
NOTIC: [2] Division by zero D:\WWW\tp-p69\Application\Runtime\Cache\School\5675d46c7d262ba36c4654ac5e0e1829.php 第 50 行.
NOTIC: [8] Use of undefined constant School - assumed 'School' D:\WWW\tp-p69\Application\Runtime\Cache\School\5675d46c7d262ba36c4654ac5e0e1829.php 第 50 行.
NOTIC: [8] Use of undefined constant Add - assumed 'Add' D:\WWW\tp-p69\Application\Runtime\Cache\School\5675d46c7d262ba36c4654ac5e0e1829.php 第 50 行.
NOTIC: [2] Division by zero D:\WWW\tp-p69\Application\Runtime\Cache\School\5675d46c7d262ba36c4654ac5e0e1829.php 第 50 行.
NOTIC: [8] Use of undefined constant articleAdd - assumed 'articleAdd' D:\WWW\tp-p69\Application\Runtime\Cache\School\5675d46c7d262ba36c4654ac5e0e1829.php 第 50 行.
NOTIC: [2] Division by zero D:\WWW\tp-p69\Application\Runtime\Cache\School\5675d46c7d262ba36c4654ac5e0e1829.php 第 50 行.
INFO: Run Behavior\ParseTemplateBehavior [ RunTime:0.006836s ]
INFO: [ view_parse ] --END-- [ RunTime:-0.004883s ]
INFO: [ view_filter ] --START--
INFO: Run Behavior\WriteHtmlCacheBehavior [ RunTime:0.000000s ]
INFO: [ view_filter ] --END-- [ RunTime:-0.010742s ]
INFO: [ app_end ] --START--
INFO: Run Behavior\ShowPageTraceBehavior [ RunTime:0.000976s ]
INFO: [ app_end ] --END-- [ RunTime:0.000976s ]

[ 2017-12-03T23:29:54+08:00 ] 127.0.0.1 /tp-p69/Public/index.php/School/Add/articleAdd.html
INFO: [ app_init ] --START--
INFO: Run Behavior\BuildLiteBehavior [ RunTime:0.000000s ]
INFO: [ app_init ] --END-- [ RunTime:0.000000s ]
INFO: [ app_begin ] --START--
INFO: Run Behavior\ReadHtmlCacheBehavior [ RunTime:0.000000s ]
INFO: [ app_begin ] --END-- [ RunTime:0.000000s ]
SQL: SHOW COLUMNS FROM `seed_papers` [ RunTime:0.0166s ]
SQL: SHOW COLUMNS FROM `seed_achievement` [ RunTime:0.0166s ]
SQL: SHOW COLUMNS FROM `seed_stage` [ RunTime:0.0166s ]
SQL: SHOW COLUMNS FROM `seed_subject` [ RunTime:0.0166s ]
SQL: SELECT * FROM `seed_subject` WHERE ( status='1' )  [ RunTime:0.0000s ]
SQL: SHOW COLUMNS FROM `seed_grade` [ RunTime:0.0156s ]
SQL: SELECT * FROM `seed_grade`  [ RunTime:0.0010s ]
SQL: SHOW COLUMNS FROM `seed_class` [ RunTime:0.0166s ]
SQL: SELECT * FROM `seed_class`  [ RunTime:0.0010s ]
SQL: SHOW COLUMNS FROM `seed_teacher` [ RunTime:0.0176s ]
SQL: SELECT `id`,`name` FROM `seed_teacher`  [ RunTime:0.0000s ]
INFO: [ view_parse ] --START--
INFO: [ template_filter ] --START--
INFO: Run Behavior\ContentReplaceBehavior [ RunTime:0.000000s ]
INFO: [ template_filter ] --END-- [ RunTime:0.000000s ]
INFO: Run Behavior\ParseTemplateBehavior [ RunTime:0.009766s ]
INFO: [ view_parse ] --END-- [ RunTime:0.009766s ]
INFO: [ view_filter ] --START--
INFO: Run Behavior\WriteHtmlCacheBehavior [ RunTime:0.000000s ]
INFO: [ view_filter ] --END-- [ RunTime:0.000000s ]
INFO: [ view_parse ] --START--
INFO: [ template_filter ] --START--
INFO: Run Behavior\ContentReplaceBehavior [ RunTime:0.000000s ]
INFO: [ template_filter ] --END-- [ RunTime:-0.008789s ]
INFO: Run Behavior\ParseTemplateBehavior [ RunTime:0.007813s ]
INFO: [ view_parse ] --END-- [ RunTime:-0.000976s ]
INFO: [ view_filter ] --START--
INFO: Run Behavior\WriteHtmlCacheBehavior [ RunTime:0.000000s ]
INFO: [ view_filter ] --END-- [ RunTime:-0.008789s ]
INFO: [ app_end ] --START--
INFO: Run Behavior\ShowPageTraceBehavior [ RunTime:0.000976s ]
INFO: [ app_end ] --END-- [ RunTime:0.000976s ]

[ 2017-12-03T23:36:05+08:00 ] 127.0.0.1 /tp-p69/Public/index.php/School/Add/articleAdd.html
INFO: [ app_init ] --START--
INFO: Run Behavior\BuildLiteBehavior [ RunTime:0.000000s ]
INFO: [ app_init ] --END-- [ RunTime:0.000977s ]
INFO: [ app_begin ] --START--
INFO: Run Behavior\ReadHtmlCacheBehavior [ RunTime:0.000977s ]
INFO: [ app_begin ] --END-- [ RunTime:0.000977s ]
SQL: SHOW COLUMNS FROM `seed_papers` [ RunTime:0.0176s ]
SQL: SHOW COLUMNS FROM `seed_achievement` [ RunTime:0.0166s ]
SQL: SHOW COLUMNS FROM `seed_stage` [ RunTime:0.0166s ]
SQL: SHOW COLUMNS FROM `seed_subject` [ RunTime:0.0156s ]
SQL: SELECT * FROM `seed_subject` WHERE ( status='1' )  [ RunTime:0.0010s ]
SQL: SHOW COLUMNS FROM `seed_grade` [ RunTime:0.0156s ]
SQL: SELECT * FROM `seed_grade`  [ RunTime:0.0010s ]
SQL: SHOW COLUMNS FROM `seed_class` [ RunTime:0.0156s ]
SQL: SELECT * FROM `seed_class`  [ RunTime:0.0000s ]
SQL: SHOW COLUMNS FROM `seed_teacher` [ RunTime:0.0176s ]
SQL: SELECT `id`,`name` FROM `seed_teacher`  [ RunTime:0.0000s ]
INFO: [ view_parse ] --START--
INFO: [ template_filter ] --START--
INFO: Run Behavior\ContentReplaceBehavior [ RunTime:0.000000s ]
INFO: [ template_filter ] --END-- [ RunTime:0.000000s ]
INFO: Run Behavior\ParseTemplateBehavior [ RunTime:0.010743s ]
INFO: [ view_parse ] --END-- [ RunTime:0.010743s ]
INFO: [ view_filter ] --START--
INFO: Run Behavior\WriteHtmlCacheBehavior [ RunTime:0.000000s ]
INFO: [ view_filter ] --END-- [ RunTime:0.000000s ]
INFO: [ view_parse ] --START--
INFO: [ template_filter ] --START--
INFO: Run Behavior\ContentReplaceBehavior [ RunTime:0.000000s ]
INFO: [ template_filter ] --END-- [ RunTime:-0.008789s ]
INFO: Run Behavior\ParseTemplateBehavior [ RunTime:0.007812s ]
INFO: [ view_parse ] --END-- [ RunTime:-0.001953s ]
INFO: [ view_filter ] --START--
INFO: Run Behavior\WriteHtmlCacheBehavior [ RunTime:0.000000s ]
INFO: [ view_filter ] --END-- [ RunTime:-0.008789s ]
INFO: [ app_end ] --START--
INFO: Run Behavior\ShowPageTraceBehavior [ RunTime:0.000977s ]
INFO: [ app_end ] --END-- [ RunTime:0.000977s ]

[ 2017-12-03T23:37:51+08:00 ] 127.0.0.1 /tp-p69/Public/index.php/School/Survey/addPaper.html
INFO: [ app_init ] --START--
INFO: Run Behavior\BuildLiteBehavior [ RunTime:0.000000s ]
INFO: [ app_init ] --END-- [ RunTime:0.000977s ]
INFO: [ app_begin ] --START--
INFO: Run Behavior\ReadHtmlCacheBehavior [ RunTime:0.000976s ]
INFO: [ app_begin ] --END-- [ RunTime:0.000976s ]
SQL: SHOW COLUMNS FROM `seed_papers` [ RunTime:0.0166s ]
SQL: SHOW COLUMNS FROM `seed_achievement` [ RunTime:0.0156s ]
SQL: SHOW COLUMNS FROM `seed_stage` [ RunTime:0.0166s ]
SQL: INSERT INTO `seed_stage` (`grade_id`,`unit`,`subject_id`,`time`) VALUES ('9','加基森第四期','11','2017-12-03') [ RunTime:0.0010s ]
SQL: INSERT INTO `seed_papers` (`papers_name`,`teacher_id`,`class_id`,`stage_id`,`fractions`) VALUES ('期中考试','3','4','7','110') [ RunTime:0.0010s ]

[ 2017-12-03T23:37:51+08:00 ] 127.0.0.1 /tp-p69/Public/index.php/School/Add/articleAdd.html
INFO: [ app_init ] --START--
INFO: Run Behavior\BuildLiteBehavior [ RunTime:0.000000s ]
INFO: [ app_init ] --END-- [ RunTime:0.000976s ]
INFO: [ app_begin ] --START--
INFO: Run Behavior\ReadHtmlCacheBehavior [ RunTime:0.000976s ]
INFO: [ app_begin ] --END-- [ RunTime:0.000976s ]
SQL: SHOW COLUMNS FROM `seed_papers` [ RunTime:0.0166s ]
SQL: SHOW COLUMNS FROM `seed_achievement` [ RunTime:0.0176s ]
SQL: SHOW COLUMNS FROM `seed_stage` [ RunTime:0.0186s ]
SQL: SHOW COLUMNS FROM `seed_subject` [ RunTime:0.0166s ]
SQL: SELECT * FROM `seed_subject` WHERE ( status='1' )  [ RunTime:0.0010s ]
SQL: SHOW COLUMNS FROM `seed_grade` [ RunTime:0.0166s ]
SQL: SELECT * FROM `seed_grade`  [ RunTime:0.0000s ]
SQL: SHOW COLUMNS FROM `seed_class` [ RunTime:0.0166s ]
SQL: SELECT * FROM `seed_class`  [ RunTime:0.0010s ]
SQL: SHOW COLUMNS FROM `seed_teacher` [ RunTime:0.0166s ]
SQL: SELECT `id`,`name` FROM `seed_teacher`  [ RunTime:0.0010s ]
INFO: [ view_parse ] --START--
INFO: [ template_filter ] --START--
INFO: Run Behavior\ContentReplaceBehavior [ RunTime:0.000000s ]
INFO: [ template_filter ] --END-- [ RunTime:0.000000s ]
INFO: Run Behavior\ParseTemplateBehavior [ RunTime:0.009765s ]
INFO: [ view_parse ] --END-- [ RunTime:0.009765s ]
INFO: [ view_filter ] --START--
INFO: Run Behavior\WriteHtmlCacheBehavior [ RunTime:0.000000s ]
INFO: [ view_filter ] --END-- [ RunTime:0.000000s ]
INFO: [ view_parse ] --START--
INFO: [ template_filter ] --START--
INFO: Run Behavior\ContentReplaceBehavior [ RunTime:0.000000s ]
INFO: [ template_filter ] --END-- [ RunTime:-0.007812s ]
INFO: Run Behavior\ParseTemplateBehavior [ RunTime:0.007813s ]
INFO: [ view_parse ] --END-- [ RunTime:0.000000s ]
INFO: [ view_filter ] --START--
INFO: Run Behavior\WriteHtmlCacheBehavior [ RunTime:0.000000s ]
INFO: [ view_filter ] --END-- [ RunTime:-0.007813s ]
INFO: [ app_end ] --START--
INFO: Run Behavior\ShowPageTraceBehavior [ RunTime:0.000977s ]
INFO: [ app_end ] --END-- [ RunTime:0.000977s ]

[ 2017-12-03T23:38:01+08:00 ] 127.0.0.1 /tp-p69/Public/index.php/School/Survey/articlePaper.html
INFO: [ app_init ] --START--
INFO: Run Behavior\BuildLiteBehavior [ RunTime:0.000000s ]
INFO: [ app_init ] --END-- [ RunTime:0.000976s ]
INFO: [ app_begin ] --START--
INFO: Run Behavior\ReadHtmlCacheBehavior [ RunTime:0.000976s ]
INFO: [ app_begin ] --END-- [ RunTime:0.000976s ]
SQL: SHOW COLUMNS FROM `seed_papers` [ RunTime:0.0166s ]
SQL: SHOW COLUMNS FROM `seed_achievement` [ RunTime:0.0156s ]
SQL: SHOW COLUMNS FROM `seed_stage` [ RunTime:0.0166s ]
SQL: SELECT COUNT(*) AS tp_count FROM `seed_papers` WHERE ( status = '1' ) LIMIT 1   [ RunTime:0.0010s ]
SQL: SELECT a.*,b.unit,b.time,c.`name`,d.class,e.grade,f.course FROM seed_papers a  LEFT JOIN seed_stage b on a.stage_id=b.id LEFT JOIN seed_teacher c on a.teacher_id=c.id  LEFT JOIN seed_class d on a.class_id=d.id LEFT JOIN seed_grade e on b.grade_id=e.id  LEFT JOIN seed_subject f on b.subject_id=f.id  WHERE ( a.`status`='1' )  [ RunTime:0.0010s ]
INFO: [ view_parse ] --START--
INFO: [ template_filter ] --START--
INFO: Run Behavior\ContentReplaceBehavior [ RunTime:0.000000s ]
INFO: [ template_filter ] --END-- [ RunTime:0.000000s ]
INFO: Run Behavior\ParseTemplateBehavior [ RunTime:0.009766s ]
INFO: [ view_parse ] --END-- [ RunTime:0.009766s ]
INFO: [ view_filter ] --START--
INFO: Run Behavior\WriteHtmlCacheBehavior [ RunTime:0.000000s ]
INFO: [ view_filter ] --END-- [ RunTime:0.000000s ]
INFO: [ view_parse ] --START--
INFO: [ template_filter ] --START--
INFO: Run Behavior\ContentReplaceBehavior [ RunTime:0.000000s ]
INFO: [ template_filter ] --END-- [ RunTime:-0.004883s ]
INFO: Run Behavior\ParseTemplateBehavior [ RunTime:0.002930s ]
INFO: [ view_parse ] --END-- [ RunTime:-0.000976s ]
INFO: [ view_filter ] --START--
INFO: Run Behavior\WriteHtmlCacheBehavior [ RunTime:0.000000s ]
INFO: [ view_filter ] --END-- [ RunTime:-0.003906s ]
INFO: [ view_parse ] --START--
INFO: [ template_filter ] --START--
INFO: Run Behavior\ContentReplaceBehavior [ RunTime:0.000000s ]
INFO: [ template_filter ] --END-- [ RunTime:-0.011719s ]
NOTIC: [8] Use of undefined constant School - assumed 'School' D:\WWW\tp-p69\Application\Runtime\Cache\School\5675d46c7d262ba36c4654ac5e0e1829.php 第 50 行.
NOTIC: [8] Use of undefined constant Add - assumed 'Add' D:\WWW\tp-p69\Application\Runtime\Cache\School\5675d46c7d262ba36c4654ac5e0e1829.php 第 50 行.
NOTIC: [2] Division by zero D:\WWW\tp-p69\Application\Runtime\Cache\School\5675d46c7d262ba36c4654ac5e0e1829.php 第 50 行.
NOTIC: [8] Use of undefined constant articleAdd - assumed 'articleAdd' D:\WWW\tp-p69\Application\Runtime\Cache\School\5675d46c7d262ba36c4654ac5e0e1829.php 第 50 行.
NOTIC: [2] Division by zero D:\WWW\tp-p69\Application\Runtime\Cache\School\5675d46c7d262ba36c4654ac5e0e1829.php 第 50 行.
NOTIC: [8] Use of undefined constant School - assumed 'School' D:\WWW\tp-p69\Application\Runtime\Cache\School\5675d46c7d262ba36c4654ac5e0e1829.php 第 50 行.
NOTIC: [8] Use of undefined constant Add - assumed 'Add' D:\WWW\tp-p69\Application\Runtime\Cache\School\5675d46c7d262ba36c4654ac5e0e1829.php 第 50 行.
NOTIC: [2] Division by zero D:\WWW\tp-p69\Application\Runtime\Cache\School\5675d46c7d262ba36c4654ac5e0e1829.php 第 50 行.
NOTIC: [8] Use of undefined constant articleAdd - assumed 'articleAdd' D:\WWW\tp-p69\Application\Runtime\Cache\School\5675d46c7d262ba36c4654ac5e0e1829.php 第 50 行.
NOTIC: [2] Division by zero D:\WWW\tp-p69\Application\Runtime\Cache\School\5675d46c7d262ba36c4654ac5e0e1829.php 第 50 行.
NOTIC: [8] Use of undefined constant School - assumed 'School' D:\WWW\tp-p69\Application\Runtime\Cache\School\5675d46c7d262ba36c4654ac5e0e1829.php 第 50 行.
NOTIC: [8] Use of undefined constant Add - assumed 'Add' D:\WWW\tp-p69\Application\Runtime\Cache\School\5675d46c7d262ba36c4654ac5e0e1829.php 第 50 行.
NOTIC: [2] Division by zero D:\WWW\tp-p69\Application\Runtime\Cache\School\5675d46c7d262ba36c4654ac5e0e1829.php 第 50 行.
NOTIC: [8] Use of undefined constant articleAdd - assumed 'articleAdd' D:\WWW\tp-p69\Application\Runtime\Cache\School\5675d46c7d262ba36c4654ac5e0e1829.php 第 50 行.
NOTIC: [2] Division by zero D:\WWW\tp-p69\Application\Runtime\Cache\School\5675d46c7d262ba36c4654ac5e0e1829.php 第 50 行.
NOTIC: [8] Use of undefined constant School - assumed 'School' D:\WWW\tp-p69\Application\Runtime\Cache\School\5675d46c7d262ba36c4654ac5e0e1829.php 第 50 行.
NOTIC: [8] Use of undefined constant Add - assumed 'Add' D:\WWW\tp-p69\Application\Runtime\Cache\School\5675d46c7d262ba36c4654ac5e0e1829.php 第 50 行.
NOTIC: [2] Division by zero D:\WWW\tp-p69\Application\Runtime\Cache\School\5675d46c7d262ba36c4654ac5e0e1829.php 第 50 行.
NOTIC: [8] Use of undefined constant articleAdd - assumed 'articleAdd' D:\WWW\tp-p69\Application\Runtime\Cache\School\5675d46c7d262ba36c4654ac5e0e1829.php 第 50 行.
NOTIC: [2] Division by zero D:\WWW\tp-p69\Application\Runtime\Cache\School\5675d46c7d262ba36c4654ac5e0e1829.php 第 50 行.
INFO: Run Behavior\ParseTemplateBehavior [ RunTime:0.007812s ]
INFO: [ view_parse ] --END-- [ RunTime:-0.004883s ]
INFO: [ view_filter ] --START--
INFO: Run Behavior\WriteHtmlCacheBehavior [ RunTime:0.000000s ]
INFO: [ view_filter ] --END-- [ RunTime:-0.012695s ]
INFO: [ app_end ] --START--
INFO: Run Behavior\ShowPageTraceBehavior [ RunTime:0.000977s ]
INFO: [ app_end ] --END-- [ RunTime:0.000977s ]

