[ 2017-12-02T18:45:36+08:00 ] 127.0.0.1 /tp-p69/Public/js/provincesData.js
INFO: [ app_init ] --START--
INFO: Run Behavior\BuildLiteBehavior [ RunTime:0.000000s ]
INFO: [ app_init ] --END-- [ RunTime:0.000000s ]
ERR: 无法加载模块:Js

[ 2017-12-02T18:45:36+08:00 ] 127.0.0.1 /tp-p69/Public/js/jquery.provincesCity.js
INFO: [ app_init ] --START--
INFO: Run Behavior\BuildLiteBehavior [ RunTime:0.000000s ]
INFO: [ app_init ] --END-- [ RunTime:0.000976s ]
ERR: 无法加载模块:Js

[ 2017-12-02T18:45:36+08:00 ] 127.0.0.1 /tp-p69/Public/js/jquery.provincesCity.js
INFO: [ app_init ] --START--
INFO: Run Behavior\BuildLiteBehavior [ RunTime:0.000000s ]
INFO: [ app_init ] --END-- [ RunTime:0.000977s ]
ERR: 无法加载模块:Js

[ 2017-12-02T18:45:36+08:00 ] 127.0.0.1 /tp-p69/Public/js/provincesData.js
INFO: [ app_init ] --START--
INFO: Run Behavior\BuildLiteBehavior [ RunTime:0.000000s ]
INFO: [ app_init ] --END-- [ RunTime:0.000977s ]
ERR: 无法加载模块:Js

